  glad.c
  main.cpp
D:\Maestro\POO\Recursos\Proyectos\ENGINES\OGL_TEMPLATE\OGL_ENGINE\OGL_ENGINE\include\engine\shader_m.h(44,40): warning C4101: 'e': variable local sin referencia
D:\Maestro\POO\Recursos\Proyectos\ENGINES\OGL_TEMPLATE\OGL_ENGINE\OGL_ENGINE\include\engine\camera.h(76,1): warning C4305: 'argumento': truncamiento de 'double' a 'T'
          with
          [
              T=float
          ]
D:\Maestro\POO\Recursos\Proyectos\ENGINES\OGL_TEMPLATE\OGL_ENGINE\OGL_ENGINE\include\engine\Billboard.h(34,1): warning C4244: '*=': conversión de 'double' a 'T'; posible pérdida de datos
          with
          [
              T=float
          ]
D:\Maestro\POO\Recursos\Proyectos\ENGINES\OGL_TEMPLATE\OGL_ENGINE\OGL_ENGINE\include\engine\Billboard.h(35,1): warning C4244: '*=': conversión de 'double' a 'T'; posible pérdida de datos
          with
          [
              T=float
          ]
D:\Maestro\POO\Recursos\Proyectos\ENGINES\OGL_TEMPLATE\OGL_ENGINE\OGL_ENGINE\include\engine\Billboard.h(96,22): warning C4244: '=': conversión de 'int' a 'float'; posible pérdida de datos
D:\Maestro\POO\Recursos\Proyectos\ENGINES\OGL_TEMPLATE\OGL_ENGINE\OGL_ENGINE\include\engine\Billboard.h(97,23): warning C4244: '=': conversión de 'int' a 'float'; posible pérdida de datos
D:\Maestro\POO\Recursos\Proyectos\ENGINES\OGL_TEMPLATE\OGL_ENGINE\OGL_ENGINE\include\engine\Objectives.h(4,13): warning C4081: se esperaba 'newline'; se encontró ';'
D:\Maestro\POO\Recursos\Proyectos\ENGINES\OGL_TEMPLATE\OGL_ENGINE\OGL_ENGINE\include\engine\mesh.h(111,1): warning C4267: 'argumento': conversión de 'size_t' a 'GLsizei'; posible pérdida de datos
D:\Maestro\POO\Recursos\Proyectos\ENGINES\OGL_TEMPLATE\OGL_ENGINE\OGL_ENGINE\include\engine\Plane.h(63,22): warning C4244: '=': conversión de 'int' a 'float'; posible pérdida de datos
D:\Maestro\POO\Recursos\Proyectos\ENGINES\OGL_TEMPLATE\OGL_ENGINE\OGL_ENGINE\include\engine\Plane.h(64,23): warning C4244: '=': conversión de 'int' a 'float'; posible pérdida de datos
D:\Maestro\POO\Recursos\Proyectos\ENGINES\OGL_TEMPLATE\OGL_ENGINE\OGL_ENGINE\include\engine\Plane.h(73,49): warning C4244: 'argumento': conversión de 'int' a 'float'; posible pérdida de datos
D:\Maestro\POO\Recursos\Proyectos\ENGINES\OGL_TEMPLATE\OGL_ENGINE\OGL_ENGINE\include\engine\Plane.h(73,36): warning C4244: 'argumento': conversión de 'int' a 'float'; posible pérdida de datos
D:\Maestro\POO\Recursos\Proyectos\ENGINES\OGL_TEMPLATE\OGL_ENGINE\OGL_ENGINE\include\engine\Plane.h(114,64): warning C4244: 'argumento': conversión de 'float' a 'GLsizei'; posible pérdida de datos
D:\Maestro\POO\Recursos\Proyectos\ENGINES\OGL_TEMPLATE\OGL_ENGINE\OGL_ENGINE\include\engine\Plane.h(114,52): warning C4244: 'argumento': conversión de 'float' a 'GLsizei'; posible pérdida de datos
D:\Maestro\POO\Recursos\Proyectos\ENGINES\OGL_TEMPLATE\OGL_ENGINE\OGL_ENGINE\include\engine\QuadTexture.h(61,22): warning C4244: '=': conversión de 'int' a 'float'; posible pérdida de datos
D:\Maestro\POO\Recursos\Proyectos\ENGINES\OGL_TEMPLATE\OGL_ENGINE\OGL_ENGINE\include\engine\QuadTexture.h(62,23): warning C4244: '=': conversión de 'int' a 'float'; posible pérdida de datos
D:\Maestro\POO\Recursos\Proyectos\ENGINES\OGL_TEMPLATE\OGL_ENGINE\OGL_ENGINE\include\engine\QuadTexture.h(71,49): warning C4244: 'argumento': conversión de 'int' a 'float'; posible pérdida de datos
D:\Maestro\POO\Recursos\Proyectos\ENGINES\OGL_TEMPLATE\OGL_ENGINE\OGL_ENGINE\include\engine\QuadTexture.h(71,36): warning C4244: 'argumento': conversión de 'int' a 'float'; posible pérdida de datos
D:\Maestro\POO\Recursos\Proyectos\ENGINES\OGL_TEMPLATE\OGL_ENGINE\OGL_ENGINE\include\engine\QuadTexture.h(112,64): warning C4244: 'argumento': conversión de 'float' a 'GLsizei'; posible pérdida de datos
D:\Maestro\POO\Recursos\Proyectos\ENGINES\OGL_TEMPLATE\OGL_ENGINE\OGL_ENGINE\include\engine\QuadTexture.h(112,52): warning C4244: 'argumento': conversión de 'float' a 'GLsizei'; posible pérdida de datos
D:\Maestro\POO\Recursos\Proyectos\ENGINES\OGL_TEMPLATE\OGL_ENGINE\OGL_ENGINE\include\engine\RigidModel.h(1,13): warning C4081: se esperaba 'newline'; se encontró ';'
D:\Maestro\POO\Recursos\Proyectos\ENGINES\OGL_TEMPLATE\OGL_ENGINE\OGL_ENGINE\include\engine\RigidModel.h(11,11): error C3646: 'model': especificador de invalidación desconocido
D:\Maestro\POO\Recursos\Proyectos\ENGINES\OGL_TEMPLATE\OGL_ENGINE\OGL_ENGINE\include\engine\RigidModel.h(11,16): error C4430: falta el especificador de tipo; se presupone int. Nota: C++ no admite default-int
D:\Maestro\POO\Recursos\Proyectos\ENGINES\OGL_TEMPLATE\OGL_ENGINE\OGL_ENGINE\include\engine\RigidModel.h(73,11): error C3646: 'getModel': especificador de invalidación desconocido
D:\Maestro\POO\Recursos\Proyectos\ENGINES\OGL_TEMPLATE\OGL_ENGINE\OGL_ENGINE\include\engine\RigidModel.h(73,19): error C2059: error de sintaxis: '('
D:\Maestro\POO\Recursos\Proyectos\ENGINES\OGL_TEMPLATE\OGL_ENGINE\OGL_ENGINE\include\engine\RigidModel.h(74,5): error C2334: símbolos (token) inesperados delante de '{'; se pasará por alto el cuerpo de función aparente
D:\Maestro\POO\Recursos\Proyectos\ENGINES\OGL_TEMPLATE\OGL_ENGINE\OGL_ENGINE\include\engine\RigidModel.h(77,19): error C2061: error de sintaxis: identificador 'Model'
D:\Maestro\POO\Recursos\Proyectos\ENGINES\OGL_TEMPLATE\OGL_ENGINE\OGL_ENGINE\include\engine\RigidModel.h(27,9): error C2065: 'model': identificador no declarado
D:\Maestro\POO\Recursos\Proyectos\ENGINES\OGL_TEMPLATE\OGL_ENGINE\OGL_ENGINE\include\engine\RigidModel.h(27,17): error C3861: 'Model': no se encontró el identificador
D:\Maestro\POO\Recursos\Proyectos\ENGINES\OGL_TEMPLATE\OGL_ENGINE\OGL_ENGINE\include\engine\RigidModel.h(28,9): error C2065: 'model': identificador no declarado
D:\Maestro\POO\Recursos\Proyectos\ENGINES\OGL_TEMPLATE\OGL_ENGINE\OGL_ENGINE\include\engine\RigidModel.h(29,9): error C2065: 'model': identificador no declarado
D:\Maestro\POO\Recursos\Proyectos\ENGINES\OGL_TEMPLATE\OGL_ENGINE\OGL_ENGINE\include\engine\RigidModel.h(67,9): error C2065: 'model': identificador no declarado
D:\Maestro\POO\Recursos\Proyectos\ENGINES\OGL_TEMPLATE\OGL_ENGINE\OGL_ENGINE\include\engine\RigidModel.h(79,15): error C2039: "model": no es un miembro de "RigidModel"
D:\Maestro\POO\Recursos\Proyectos\ENGINES\OGL_TEMPLATE\OGL_ENGINE\OGL_ENGINE\include\engine\RigidModel.h(8): message : vea la declaración de 'RigidModel'
D:\Maestro\POO\Recursos\Proyectos\ENGINES\OGL_TEMPLATE\OGL_ENGINE\OGL_ENGINE\include\engine\RigidModel.h(79,23): error C2065: 'model': identificador no declarado
D:\Maestro\POO\Recursos\Proyectos\ENGINES\OGL_TEMPLATE\OGL_ENGINE\OGL_ENGINE\include\engine\RigidModel.h(84,22): error C2039: "model": no es un miembro de "RigidModel"
D:\Maestro\POO\Recursos\Proyectos\ENGINES\OGL_TEMPLATE\OGL_ENGINE\OGL_ENGINE\include\engine\RigidModel.h(8): message : vea la declaración de 'RigidModel'
D:\Maestro\POO\Recursos\Proyectos\ENGINES\OGL_TEMPLATE\OGL_ENGINE\OGL_ENGINE\include\engine\Terrain.h(52,16): warning C4244: 'inicializando': conversión de 'double' a 'float'; posible pérdida de datos
D:\Maestro\POO\Recursos\Proyectos\ENGINES\OGL_TEMPLATE\OGL_ENGINE\OGL_ENGINE\include\engine\Terrain.h(190,1): warning C4267: 'argumento': conversión de 'size_t' a 'GLsizei'; posible pérdida de datos
D:\Maestro\POO\Recursos\Proyectos\ENGINES\OGL_TEMPLATE\OGL_ENGINE\OGL_ENGINE\include\engine\textrenderer.h(117,37): warning C4838: la conversión de 'FT_Pos' en 'unsigned int' requiere una conversión de restricción
D:\Maestro\POO\Recursos\Proyectos\ENGINES\OGL_TEMPLATE\OGL_ENGINE\OGL_ENGINE\include\engine\variables.h(110,22): warning C4305: 'inicializando': truncamiento de 'double' a 'float'
D:\Maestro\POO\Recursos\Proyectos\ENGINES\OGL_TEMPLATE\OGL_ENGINE\OGL_ENGINE\include\engine\variables.h(119,8): error C2065: 'Model': identificador no declarado
D:\Maestro\POO\Recursos\Proyectos\ENGINES\OGL_TEMPLATE\OGL_ENGINE\OGL_ENGINE\include\engine\variables.h(119,1): error C2923: 'std::vector': 'Model' no es un argumento de tipo de plantilla válido para el parámetro '_Ty'
D:\Maestro\POO\Recursos\Proyectos\ENGINES\OGL_TEMPLATE\OGL_ENGINE\OGL_ENGINE\include\engine\variables.h(119): message : vea la declaración de 'Model'
D:\Maestro\POO\Recursos\Proyectos\ENGINES\OGL_TEMPLATE\OGL_ENGINE\OGL_ENGINE\include\engine\variables.h(119,1): error C2976: 'std::vector': no hay suficientes argumentos de plantilla
C:\Program Files (x86)\Microsoft Visual Studio\2019\Community\VC\Tools\MSVC\14.29.30037\include\vector(443): message : vea la declaración de 'std::vector'
D:\Maestro\POO\Recursos\Proyectos\ENGINES\OGL_TEMPLATE\OGL_ENGINE\OGL_ENGINE\include\engine\variables.h(119,21): error C2133: 'models': tamaño desconocido
D:\Maestro\POO\Recursos\Proyectos\ENGINES\OGL_TEMPLATE\OGL_ENGINE\OGL_ENGINE\include\engine\variables.h(119,15): error C2512: 'std::vector': no hay disponible un constructor predeterminado adecuado
C:\Program Files (x86)\Microsoft Visual Studio\2019\Community\VC\Tools\MSVC\14.29.30037\include\vector(443,1): message : vea la declaración de 'std::vector'
D:\Maestro\POO\Recursos\Proyectos\ENGINES\OGL_TEMPLATE\OGL_ENGINE\OGL_ENGINE\include\engine\functions.h(143,33): warning C4305: '+=': truncamiento de 'double' a 'float'
D:\Maestro\POO\Recursos\Proyectos\ENGINES\OGL_TEMPLATE\OGL_ENGINE\OGL_ENGINE\include\engine\functions.h(161,16): error C2662: 'allocator_traits<allocator_traits<_Alloc>::rebind_alloc<_Ty>>::size_type std::vector<_Ty,_Alloc>::size(void) noexcept const': no se puede convertir el puntero 'this' de 'std::vector' a 'const std::vector<_Ty,_Alloc> &'
D:\Maestro\POO\Recursos\Proyectos\ENGINES\OGL_TEMPLATE\OGL_ENGINE\OGL_ENGINE\include\engine\functions.h(161,16): message : Razón: no se puede realizar la conversión de 'std::vector' a 'const std::vector<_Ty,_Alloc>'
D:\Maestro\POO\Recursos\Proyectos\ENGINES\OGL_TEMPLATE\OGL_ENGINE\OGL_ENGINE\include\engine\functions.h(161,31): message : La conversión requiere un segundo operador de conversión definido por el usuario o constructor
C:\Program Files (x86)\Microsoft Visual Studio\2019\Community\VC\Tools\MSVC\14.29.30037\include\vector(1547,49): message : vea la declaración de 'std::vector<_Ty,_Alloc>::size'
D:\Maestro\POO\Recursos\Proyectos\ENGINES\OGL_TEMPLATE\OGL_ENGINE\OGL_ENGINE\include\engine\functions.h(171,68): error C2678: '[' binario: no se encontró un operador que adopte un operando en la parte izquierda de tipo 'std::vector' (o bien no existe una conversión aceptable)
C:\Program Files (x86)\Microsoft Visual Studio\2019\Community\VC\Tools\MSVC\14.29.30037\include\vector(1572,50): message : puede ser 'const _Ty &std::vector<_Ty,_Alloc>::operator [](const allocator_traits<allocator_traits<_Alloc>::rebind_alloc<_Ty>>::size_type) noexcept const'
C:\Program Files (x86)\Microsoft Visual Studio\2019\Community\VC\Tools\MSVC\14.29.30037\include\vector(1562,44): message : o       '_Ty &std::vector<_Ty,_Alloc>::operator [](const allocator_traits<allocator_traits<_Alloc>::rebind_alloc<_Ty>>::size_type) noexcept'
D:\Maestro\POO\Recursos\Proyectos\ENGINES\OGL_TEMPLATE\OGL_ENGINE\OGL_ENGINE\include\engine\functions.h(171,68): message : al hacer coincidir la lista de argumentos '(std::vector, int)'
D:\Maestro\POO\Recursos\Proyectos\ENGINES\OGL_TEMPLATE\OGL_ENGINE\OGL_ENGINE\include\engine\functions.h(177,42): error C2678: '[' binario: no se encontró un operador que adopte un operando en la parte izquierda de tipo 'std::vector' (o bien no existe una conversión aceptable)
C:\Program Files (x86)\Microsoft Visual Studio\2019\Community\VC\Tools\MSVC\14.29.30037\include\vector(1572,50): message : puede ser 'const _Ty &std::vector<_Ty,_Alloc>::operator [](const allocator_traits<allocator_traits<_Alloc>::rebind_alloc<_Ty>>::size_type) noexcept const'
C:\Program Files (x86)\Microsoft Visual Studio\2019\Community\VC\Tools\MSVC\14.29.30037\include\vector(1562,44): message : o       '_Ty &std::vector<_Ty,_Alloc>::operator [](const allocator_traits<allocator_traits<_Alloc>::rebind_alloc<_Ty>>::size_type) noexcept'
D:\Maestro\POO\Recursos\Proyectos\ENGINES\OGL_TEMPLATE\OGL_ENGINE\OGL_ENGINE\include\engine\functions.h(177,42): message : al hacer coincidir la lista de argumentos '(std::vector, int)'
D:\Maestro\POO\Recursos\Proyectos\ENGINES\OGL_TEMPLATE\OGL_ENGINE\OGL_ENGINE\include\engine\functions.h(179,31): error C2678: '[' binario: no se encontró un operador que adopte un operando en la parte izquierda de tipo 'std::vector' (o bien no existe una conversión aceptable)
C:\Program Files (x86)\Microsoft Visual Studio\2019\Community\VC\Tools\MSVC\14.29.30037\include\vector(1572,50): message : puede ser 'const _Ty &std::vector<_Ty,_Alloc>::operator [](const allocator_traits<allocator_traits<_Alloc>::rebind_alloc<_Ty>>::size_type) noexcept const'
C:\Program Files (x86)\Microsoft Visual Studio\2019\Community\VC\Tools\MSVC\14.29.30037\include\vector(1562,44): message : o       '_Ty &std::vector<_Ty,_Alloc>::operator [](const allocator_traits<allocator_traits<_Alloc>::rebind_alloc<_Ty>>::size_type) noexcept'
D:\Maestro\POO\Recursos\Proyectos\ENGINES\OGL_TEMPLATE\OGL_ENGINE\OGL_ENGINE\include\engine\functions.h(179,31): message : al hacer coincidir la lista de argumentos '(std::vector, int)'
D:\Maestro\POO\Recursos\Proyectos\ENGINES\OGL_TEMPLATE\OGL_ENGINE\OGL_ENGINE\include\engine\functions.h(183,42): error C2678: '[' binario: no se encontró un operador que adopte un operando en la parte izquierda de tipo 'std::vector' (o bien no existe una conversión aceptable)
C:\Program Files (x86)\Microsoft Visual Studio\2019\Community\VC\Tools\MSVC\14.29.30037\include\vector(1572,50): message : puede ser 'const _Ty &std::vector<_Ty,_Alloc>::operator [](const allocator_traits<allocator_traits<_Alloc>::rebind_alloc<_Ty>>::size_type) noexcept const'
C:\Program Files (x86)\Microsoft Visual Studio\2019\Community\VC\Tools\MSVC\14.29.30037\include\vector(1562,44): message : o       '_Ty &std::vector<_Ty,_Alloc>::operator [](const allocator_traits<allocator_traits<_Alloc>::rebind_alloc<_Ty>>::size_type) noexcept'
D:\Maestro\POO\Recursos\Proyectos\ENGINES\OGL_TEMPLATE\OGL_ENGINE\OGL_ENGINE\include\engine\functions.h(183,42): message : al hacer coincidir la lista de argumentos '(std::vector, int)'
D:\Maestro\POO\Recursos\Proyectos\ENGINES\OGL_TEMPLATE\OGL_ENGINE\OGL_ENGINE\include\engine\functions.h(185,31): error C2678: '[' binario: no se encontró un operador que adopte un operando en la parte izquierda de tipo 'std::vector' (o bien no existe una conversión aceptable)
C:\Program Files (x86)\Microsoft Visual Studio\2019\Community\VC\Tools\MSVC\14.29.30037\include\vector(1572,50): message : puede ser 'const _Ty &std::vector<_Ty,_Alloc>::operator [](const allocator_traits<allocator_traits<_Alloc>::rebind_alloc<_Ty>>::size_type) noexcept const'
C:\Program Files (x86)\Microsoft Visual Studio\2019\Community\VC\Tools\MSVC\14.29.30037\include\vector(1562,44): message : o       '_Ty &std::vector<_Ty,_Alloc>::operator [](const allocator_traits<allocator_traits<_Alloc>::rebind_alloc<_Ty>>::size_type) noexcept'
D:\Maestro\POO\Recursos\Proyectos\ENGINES\OGL_TEMPLATE\OGL_ENGINE\OGL_ENGINE\include\engine\functions.h(185,31): message : al hacer coincidir la lista de argumentos '(std::vector, int)'
D:\Maestro\POO\Recursos\Proyectos\ENGINES\OGL_TEMPLATE\OGL_ENGINE\OGL_ENGINE\include\engine\functions.h(190,42): error C2678: '[' binario: no se encontró un operador que adopte un operando en la parte izquierda de tipo 'std::vector' (o bien no existe una conversión aceptable)
C:\Program Files (x86)\Microsoft Visual Studio\2019\Community\VC\Tools\MSVC\14.29.30037\include\vector(1572,50): message : puede ser 'const _Ty &std::vector<_Ty,_Alloc>::operator [](const allocator_traits<allocator_traits<_Alloc>::rebind_alloc<_Ty>>::size_type) noexcept const'
C:\Program Files (x86)\Microsoft Visual Studio\2019\Community\VC\Tools\MSVC\14.29.30037\include\vector(1562,44): message : o       '_Ty &std::vector<_Ty,_Alloc>::operator [](const allocator_traits<allocator_traits<_Alloc>::rebind_alloc<_Ty>>::size_type) noexcept'
D:\Maestro\POO\Recursos\Proyectos\ENGINES\OGL_TEMPLATE\OGL_ENGINE\OGL_ENGINE\include\engine\functions.h(190,42): message : al hacer coincidir la lista de argumentos '(std::vector, int)'
D:\Maestro\POO\Recursos\Proyectos\ENGINES\OGL_TEMPLATE\OGL_ENGINE\OGL_ENGINE\include\engine\functions.h(192,31): error C2678: '[' binario: no se encontró un operador que adopte un operando en la parte izquierda de tipo 'std::vector' (o bien no existe una conversión aceptable)
C:\Program Files (x86)\Microsoft Visual Studio\2019\Community\VC\Tools\MSVC\14.29.30037\include\vector(1572,50): message : puede ser 'const _Ty &std::vector<_Ty,_Alloc>::operator [](const allocator_traits<allocator_traits<_Alloc>::rebind_alloc<_Ty>>::size_type) noexcept const'
C:\Program Files (x86)\Microsoft Visual Studio\2019\Community\VC\Tools\MSVC\14.29.30037\include\vector(1562,44): message : o       '_Ty &std::vector<_Ty,_Alloc>::operator [](const allocator_traits<allocator_traits<_Alloc>::rebind_alloc<_Ty>>::size_type) noexcept'
D:\Maestro\POO\Recursos\Proyectos\ENGINES\OGL_TEMPLATE\OGL_ENGINE\OGL_ENGINE\include\engine\functions.h(192,31): message : al hacer coincidir la lista de argumentos '(std::vector, int)'
D:\Maestro\POO\Recursos\Proyectos\ENGINES\OGL_TEMPLATE\OGL_ENGINE\OGL_ENGINE\include\engine\functions.h(196,42): error C2678: '[' binario: no se encontró un operador que adopte un operando en la parte izquierda de tipo 'std::vector' (o bien no existe una conversión aceptable)
C:\Program Files (x86)\Microsoft Visual Studio\2019\Community\VC\Tools\MSVC\14.29.30037\include\vector(1572,50): message : puede ser 'const _Ty &std::vector<_Ty,_Alloc>::operator [](const allocator_traits<allocator_traits<_Alloc>::rebind_alloc<_Ty>>::size_type) noexcept const'
C:\Program Files (x86)\Microsoft Visual Studio\2019\Community\VC\Tools\MSVC\14.29.30037\include\vector(1562,44): message : o       '_Ty &std::vector<_Ty,_Alloc>::operator [](const allocator_traits<allocator_traits<_Alloc>::rebind_alloc<_Ty>>::size_type) noexcept'
D:\Maestro\POO\Recursos\Proyectos\ENGINES\OGL_TEMPLATE\OGL_ENGINE\OGL_ENGINE\include\engine\functions.h(196,42): message : al hacer coincidir la lista de argumentos '(std::vector, int)'
D:\Maestro\POO\Recursos\Proyectos\ENGINES\OGL_TEMPLATE\OGL_ENGINE\OGL_ENGINE\include\engine\functions.h(198,31): error C2678: '[' binario: no se encontró un operador que adopte un operando en la parte izquierda de tipo 'std::vector' (o bien no existe una conversión aceptable)
C:\Program Files (x86)\Microsoft Visual Studio\2019\Community\VC\Tools\MSVC\14.29.30037\include\vector(1572,50): message : puede ser 'const _Ty &std::vector<_Ty,_Alloc>::operator [](const allocator_traits<allocator_traits<_Alloc>::rebind_alloc<_Ty>>::size_type) noexcept const'
C:\Program Files (x86)\Microsoft Visual Studio\2019\Community\VC\Tools\MSVC\14.29.30037\include\vector(1562,44): message : o       '_Ty &std::vector<_Ty,_Alloc>::operator [](const allocator_traits<allocator_traits<_Alloc>::rebind_alloc<_Ty>>::size_type) noexcept'
D:\Maestro\POO\Recursos\Proyectos\ENGINES\OGL_TEMPLATE\OGL_ENGINE\OGL_ENGINE\include\engine\functions.h(198,31): message : al hacer coincidir la lista de argumentos '(std::vector, int)'
D:\Maestro\POO\Recursos\Proyectos\ENGINES\OGL_TEMPLATE\OGL_ENGINE\OGL_ENGINE\include\engine\functions.h(203,42): error C2678: '[' binario: no se encontró un operador que adopte un operando en la parte izquierda de tipo 'std::vector' (o bien no existe una conversión aceptable)
C:\Program Files (x86)\Microsoft Visual Studio\2019\Community\VC\Tools\MSVC\14.29.30037\include\vector(1572,50): message : puede ser 'const _Ty &std::vector<_Ty,_Alloc>::operator [](const allocator_traits<allocator_traits<_Alloc>::rebind_alloc<_Ty>>::size_type) noexcept const'
C:\Program Files (x86)\Microsoft Visual Studio\2019\Community\VC\Tools\MSVC\14.29.30037\include\vector(1562,44): message : o       '_Ty &std::vector<_Ty,_Alloc>::operator [](const allocator_traits<allocator_traits<_Alloc>::rebind_alloc<_Ty>>::size_type) noexcept'
D:\Maestro\POO\Recursos\Proyectos\ENGINES\OGL_TEMPLATE\OGL_ENGINE\OGL_ENGINE\include\engine\functions.h(203,42): message : al hacer coincidir la lista de argumentos '(std::vector, int)'
D:\Maestro\POO\Recursos\Proyectos\ENGINES\OGL_TEMPLATE\OGL_ENGINE\OGL_ENGINE\include\engine\functions.h(205,31): error C2678: '[' binario: no se encontró un operador que adopte un operando en la parte izquierda de tipo 'std::vector' (o bien no existe una conversión aceptable)
C:\Program Files (x86)\Microsoft Visual Studio\2019\Community\VC\Tools\MSVC\14.29.30037\include\vector(1572,50): message : puede ser 'const _Ty &std::vector<_Ty,_Alloc>::operator [](const allocator_traits<allocator_traits<_Alloc>::rebind_alloc<_Ty>>::size_type) noexcept const'
C:\Program Files (x86)\Microsoft Visual Studio\2019\Community\VC\Tools\MSVC\14.29.30037\include\vector(1562,44): message : o       '_Ty &std::vector<_Ty,_Alloc>::operator [](const allocator_traits<allocator_traits<_Alloc>::rebind_alloc<_Ty>>::size_type) noexcept'
D:\Maestro\POO\Recursos\Proyectos\ENGINES\OGL_TEMPLATE\OGL_ENGINE\OGL_ENGINE\include\engine\functions.h(205,31): message : al hacer coincidir la lista de argumentos '(std::vector, int)'
D:\Maestro\POO\Recursos\Proyectos\ENGINES\OGL_TEMPLATE\OGL_ENGINE\OGL_ENGINE\include\engine\functions.h(209,42): error C2678: '[' binario: no se encontró un operador que adopte un operando en la parte izquierda de tipo 'std::vector' (o bien no existe una conversión aceptable)
C:\Program Files (x86)\Microsoft Visual Studio\2019\Community\VC\Tools\MSVC\14.29.30037\include\vector(1572,50): message : puede ser 'const _Ty &std::vector<_Ty,_Alloc>::operator [](const allocator_traits<allocator_traits<_Alloc>::rebind_alloc<_Ty>>::size_type) noexcept const'
C:\Program Files (x86)\Microsoft Visual Studio\2019\Community\VC\Tools\MSVC\14.29.30037\include\vector(1562,44): message : o       '_Ty &std::vector<_Ty,_Alloc>::operator [](const allocator_traits<allocator_traits<_Alloc>::rebind_alloc<_Ty>>::size_type) noexcept'
D:\Maestro\POO\Recursos\Proyectos\ENGINES\OGL_TEMPLATE\OGL_ENGINE\OGL_ENGINE\include\engine\functions.h(209,42): message : al hacer coincidir la lista de argumentos '(std::vector, int)'
D:\Maestro\POO\Recursos\Proyectos\ENGINES\OGL_TEMPLATE\OGL_ENGINE\OGL_ENGINE\include\engine\functions.h(211,31): error C2678: '[' binario: no se encontró un operador que adopte un operando en la parte izquierda de tipo 'std::vector' (o bien no existe una conversión aceptable)
C:\Program Files (x86)\Microsoft Visual Studio\2019\Community\VC\Tools\MSVC\14.29.30037\include\vector(1572,50): message : puede ser 'const _Ty &std::vector<_Ty,_Alloc>::operator [](const allocator_traits<allocator_traits<_Alloc>::rebind_alloc<_Ty>>::size_type) noexcept const'
C:\Program Files (x86)\Microsoft Visual Studio\2019\Community\VC\Tools\MSVC\14.29.30037\include\vector(1562,44): message : o       '_Ty &std::vector<_Ty,_Alloc>::operator [](const allocator_traits<allocator_traits<_Alloc>::rebind_alloc<_Ty>>::size_type) noexcept'
D:\Maestro\POO\Recursos\Proyectos\ENGINES\OGL_TEMPLATE\OGL_ENGINE\OGL_ENGINE\include\engine\functions.h(211,31): message : al hacer coincidir la lista de argumentos '(std::vector, int)'
D:\Maestro\POO\Recursos\Proyectos\ENGINES\OGL_TEMPLATE\OGL_ENGINE\OGL_ENGINE\include\engine\functions.h(216,47): error C2678: '[' binario: no se encontró un operador que adopte un operando en la parte izquierda de tipo 'std::vector' (o bien no existe una conversión aceptable)
C:\Program Files (x86)\Microsoft Visual Studio\2019\Community\VC\Tools\MSVC\14.29.30037\include\vector(1572,50): message : puede ser 'const _Ty &std::vector<_Ty,_Alloc>::operator [](const allocator_traits<allocator_traits<_Alloc>::rebind_alloc<_Ty>>::size_type) noexcept const'
C:\Program Files (x86)\Microsoft Visual Studio\2019\Community\VC\Tools\MSVC\14.29.30037\include\vector(1562,44): message : o       '_Ty &std::vector<_Ty,_Alloc>::operator [](const allocator_traits<allocator_traits<_Alloc>::rebind_alloc<_Ty>>::size_type) noexcept'
D:\Maestro\POO\Recursos\Proyectos\ENGINES\OGL_TEMPLATE\OGL_ENGINE\OGL_ENGINE\include\engine\functions.h(216,47): message : al hacer coincidir la lista de argumentos '(std::vector, int)'
D:\Maestro\POO\Recursos\Proyectos\ENGINES\OGL_TEMPLATE\OGL_ENGINE\OGL_ENGINE\include\engine\functions.h(218,31): error C2678: '[' binario: no se encontró un operador que adopte un operando en la parte izquierda de tipo 'std::vector' (o bien no existe una conversión aceptable)
C:\Program Files (x86)\Microsoft Visual Studio\2019\Community\VC\Tools\MSVC\14.29.30037\include\vector(1572,50): message : puede ser 'const _Ty &std::vector<_Ty,_Alloc>::operator [](const allocator_traits<allocator_traits<_Alloc>::rebind_alloc<_Ty>>::size_type) noexcept const'
C:\Program Files (x86)\Microsoft Visual Studio\2019\Community\VC\Tools\MSVC\14.29.30037\include\vector(1562,44): message : o       '_Ty &std::vector<_Ty,_Alloc>::operator [](const allocator_traits<allocator_traits<_Alloc>::rebind_alloc<_Ty>>::size_type) noexcept'
D:\Maestro\POO\Recursos\Proyectos\ENGINES\OGL_TEMPLATE\OGL_ENGINE\OGL_ENGINE\include\engine\functions.h(218,31): message : al hacer coincidir la lista de argumentos '(std::vector, int)'
D:\Maestro\POO\Recursos\Proyectos\ENGINES\OGL_TEMPLATE\OGL_ENGINE\OGL_ENGINE\include\engine\functions.h(222,47): error C2678: '[' binario: no se encontró un operador que adopte un operando en la parte izquierda de tipo 'std::vector' (o bien no existe una conversión aceptable)
C:\Program Files (x86)\Microsoft Visual Studio\2019\Community\VC\Tools\MSVC\14.29.30037\include\vector(1572,50): message : puede ser 'const _Ty &std::vector<_Ty,_Alloc>::operator [](const allocator_traits<allocator_traits<_Alloc>::rebind_alloc<_Ty>>::size_type) noexcept const'
C:\Program Files (x86)\Microsoft Visual Studio\2019\Community\VC\Tools\MSVC\14.29.30037\include\vector(1562,44): message : o       '_Ty &std::vector<_Ty,_Alloc>::operator [](const allocator_traits<allocator_traits<_Alloc>::rebind_alloc<_Ty>>::size_type) noexcept'
D:\Maestro\POO\Recursos\Proyectos\ENGINES\OGL_TEMPLATE\OGL_ENGINE\OGL_ENGINE\include\engine\functions.h(222,47): message : al hacer coincidir la lista de argumentos '(std::vector, int)'
D:\Maestro\POO\Recursos\Proyectos\ENGINES\OGL_TEMPLATE\OGL_ENGINE\OGL_ENGINE\include\engine\functions.h(224,31): error C2678: '[' binario: no se encontró un operador que adopte un operando en la parte izquierda de tipo 'std::vector' (o bien no existe una conversión aceptable)
C:\Program Files (x86)\Microsoft Visual Studio\2019\Community\VC\Tools\MSVC\14.29.30037\include\vector(1572,50): message : puede ser 'const _Ty &std::vector<_Ty,_Alloc>::operator [](const allocator_traits<allocator_traits<_Alloc>::rebind_alloc<_Ty>>::size_type) noexcept const'
C:\Program Files (x86)\Microsoft Visual Studio\2019\Community\VC\Tools\MSVC\14.29.30037\include\vector(1562,44): message : o       '_Ty &std::vector<_Ty,_Alloc>::operator [](const allocator_traits<allocator_traits<_Alloc>::rebind_alloc<_Ty>>::size_type) noexcept'
D:\Maestro\POO\Recursos\Proyectos\ENGINES\OGL_TEMPLATE\OGL_ENGINE\OGL_ENGINE\include\engine\functions.h(224,31): message : al hacer coincidir la lista de argumentos '(std::vector, int)'
D:\Maestro\POO\Recursos\Proyectos\ENGINES\OGL_TEMPLATE\OGL_ENGINE\OGL_ENGINE\include\engine\functions.h(229,47): error C2678: '[' binario: no se encontró un operador que adopte un operando en la parte izquierda de tipo 'std::vector' (o bien no existe una conversión aceptable)
C:\Program Files (x86)\Microsoft Visual Studio\2019\Community\VC\Tools\MSVC\14.29.30037\include\vector(1572,50): message : puede ser 'const _Ty &std::vector<_Ty,_Alloc>::operator [](const allocator_traits<allocator_traits<_Alloc>::rebind_alloc<_Ty>>::size_type) noexcept const'
C:\Program Files (x86)\Microsoft Visual Studio\2019\Community\VC\Tools\MSVC\14.29.30037\include\vector(1562,44): message : o       '_Ty &std::vector<_Ty,_Alloc>::operator [](const allocator_traits<allocator_traits<_Alloc>::rebind_alloc<_Ty>>::size_type) noexcept'
D:\Maestro\POO\Recursos\Proyectos\ENGINES\OGL_TEMPLATE\OGL_ENGINE\OGL_ENGINE\include\engine\functions.h(229,47): message : al hacer coincidir la lista de argumentos '(std::vector, int)'
D:\Maestro\POO\Recursos\Proyectos\ENGINES\OGL_TEMPLATE\OGL_ENGINE\OGL_ENGINE\include\engine\functions.h(231,31): error C2678: '[' binario: no se encontró un operador que adopte un operando en la parte izquierda de tipo 'std::vector' (o bien no existe una conversión aceptable)
C:\Program Files (x86)\Microsoft Visual Studio\2019\Community\VC\Tools\MSVC\14.29.30037\include\vector(1572,50): message : puede ser 'const _Ty &std::vector<_Ty,_Alloc>::operator [](const allocator_traits<allocator_traits<_Alloc>::rebind_alloc<_Ty>>::size_type) noexcept const'
C:\Program Files (x86)\Microsoft Visual Studio\2019\Community\VC\Tools\MSVC\14.29.30037\include\vector(1562,44): message : o       '_Ty &std::vector<_Ty,_Alloc>::operator [](const allocator_traits<allocator_traits<_Alloc>::rebind_alloc<_Ty>>::size_type) noexcept'
D:\Maestro\POO\Recursos\Proyectos\ENGINES\OGL_TEMPLATE\OGL_ENGINE\OGL_ENGINE\include\engine\functions.h(231,31): message : al hacer coincidir la lista de argumentos '(std::vector, int)'
D:\Maestro\POO\Recursos\Proyectos\ENGINES\OGL_TEMPLATE\OGL_ENGINE\OGL_ENGINE\include\engine\functions.h(235,47): error C2678: '[' binario: no se encontró un operador que adopte un operando en la parte izquierda de tipo 'std::vector' (o bien no existe una conversión aceptable)
C:\Program Files (x86)\Microsoft Visual Studio\2019\Community\VC\Tools\MSVC\14.29.30037\include\vector(1572,50): message : puede ser 'const _Ty &std::vector<_Ty,_Alloc>::operator [](const allocator_traits<allocator_traits<_Alloc>::rebind_alloc<_Ty>>::size_type) noexcept const'
C:\Program Files (x86)\Microsoft Visual Studio\2019\Community\VC\Tools\MSVC\14.29.30037\include\vector(1562,44): message : o       '_Ty &std::vector<_Ty,_Alloc>::operator [](const allocator_traits<allocator_traits<_Alloc>::rebind_alloc<_Ty>>::size_type) noexcept'
D:\Maestro\POO\Recursos\Proyectos\ENGINES\OGL_TEMPLATE\OGL_ENGINE\OGL_ENGINE\include\engine\functions.h(235,47): message : al hacer coincidir la lista de argumentos '(std::vector, int)'
D:\Maestro\POO\Recursos\Proyectos\ENGINES\OGL_TEMPLATE\OGL_ENGINE\OGL_ENGINE\include\engine\functions.h(237,31): error C2678: '[' binario: no se encontró un operador que adopte un operando en la parte izquierda de tipo 'std::vector' (o bien no existe una conversión aceptable)
C:\Program Files (x86)\Microsoft Visual Studio\2019\Community\VC\Tools\MSVC\14.29.30037\include\vector(1572,50): message : puede ser 'const _Ty &std::vector<_Ty,_Alloc>::operator [](const allocator_traits<allocator_traits<_Alloc>::rebind_alloc<_Ty>>::size_type) noexcept const'
C:\Program Files (x86)\Microsoft Visual Studio\2019\Community\VC\Tools\MSVC\14.29.30037\include\vector(1562,44): message : o       '_Ty &std::vector<_Ty,_Alloc>::operator [](const allocator_traits<allocator_traits<_Alloc>::rebind_alloc<_Ty>>::size_type) noexcept'
D:\Maestro\POO\Recursos\Proyectos\ENGINES\OGL_TEMPLATE\OGL_ENGINE\OGL_ENGINE\include\engine\functions.h(237,31): message : al hacer coincidir la lista de argumentos '(std::vector, int)'
D:\Maestro\POO\Recursos\Proyectos\ENGINES\OGL_TEMPLATE\OGL_ENGINE\OGL_ENGINE\include\engine\functions.h(242,47): error C2678: '[' binario: no se encontró un operador que adopte un operando en la parte izquierda de tipo 'std::vector' (o bien no existe una conversión aceptable)
C:\Program Files (x86)\Microsoft Visual Studio\2019\Community\VC\Tools\MSVC\14.29.30037\include\vector(1572,50): message : puede ser 'const _Ty &std::vector<_Ty,_Alloc>::operator [](const allocator_traits<allocator_traits<_Alloc>::rebind_alloc<_Ty>>::size_type) noexcept const'
C:\Program Files (x86)\Microsoft Visual Studio\2019\Community\VC\Tools\MSVC\14.29.30037\include\vector(1562,44): message : o       '_Ty &std::vector<_Ty,_Alloc>::operator [](const allocator_traits<allocator_traits<_Alloc>::rebind_alloc<_Ty>>::size_type) noexcept'
D:\Maestro\POO\Recursos\Proyectos\ENGINES\OGL_TEMPLATE\OGL_ENGINE\OGL_ENGINE\include\engine\functions.h(242,47): message : al hacer coincidir la lista de argumentos '(std::vector, int)'
D:\Maestro\POO\Recursos\Proyectos\ENGINES\OGL_TEMPLATE\OGL_ENGINE\OGL_ENGINE\include\engine\functions.h(244,31): error C2678: '[' binario: no se encontró un operador que adopte un operando en la parte izquierda de tipo 'std::vector' (o bien no existe una conversión aceptable)
C:\Program Files (x86)\Microsoft Visual Studio\2019\Community\VC\Tools\MSVC\14.29.30037\include\vector(1572,50): message : puede ser 'const _Ty &std::vector<_Ty,_Alloc>::operator [](const allocator_traits<allocator_traits<_Alloc>::rebind_alloc<_Ty>>::size_type) noexcept const'
C:\Program Files (x86)\Microsoft Visual Studio\2019\Community\VC\Tools\MSVC\14.29.30037\include\vector(1562,44): message : o       '_Ty &std::vector<_Ty,_Alloc>::operator [](const allocator_traits<allocator_traits<_Alloc>::rebind_alloc<_Ty>>::size_type) noexcept'
D:\Maestro\POO\Recursos\Proyectos\ENGINES\OGL_TEMPLATE\OGL_ENGINE\OGL_ENGINE\include\engine\functions.h(244,31): message : al hacer coincidir la lista de argumentos '(std::vector, int)'
D:\Maestro\POO\Recursos\Proyectos\ENGINES\OGL_TEMPLATE\OGL_ENGINE\OGL_ENGINE\include\engine\functions.h(248,47): error C2678: '[' binario: no se encontró un operador que adopte un operando en la parte izquierda de tipo 'std::vector' (o bien no existe una conversión aceptable)
C:\Program Files (x86)\Microsoft Visual Studio\2019\Community\VC\Tools\MSVC\14.29.30037\include\vector(1572,50): message : puede ser 'const _Ty &std::vector<_Ty,_Alloc>::operator [](const allocator_traits<allocator_traits<_Alloc>::rebind_alloc<_Ty>>::size_type) noexcept const'
C:\Program Files (x86)\Microsoft Visual Studio\2019\Community\VC\Tools\MSVC\14.29.30037\include\vector(1562,44): message : o       '_Ty &std::vector<_Ty,_Alloc>::operator [](const allocator_traits<allocator_traits<_Alloc>::rebind_alloc<_Ty>>::size_type) noexcept'
D:\Maestro\POO\Recursos\Proyectos\ENGINES\OGL_TEMPLATE\OGL_ENGINE\OGL_ENGINE\include\engine\functions.h(248,47): message : al hacer coincidir la lista de argumentos '(std::vector, int)'
D:\Maestro\POO\Recursos\Proyectos\ENGINES\OGL_TEMPLATE\OGL_ENGINE\OGL_ENGINE\include\engine\functions.h(250,31): error C2678: '[' binario: no se encontró un operador que adopte un operando en la parte izquierda de tipo 'std::vector' (o bien no existe una conversión aceptable)
C:\Program Files (x86)\Microsoft Visual Studio\2019\Community\VC\Tools\MSVC\14.29.30037\include\vector(1572,50): message : puede ser 'const _Ty &std::vector<_Ty,_Alloc>::operator [](const allocator_traits<allocator_traits<_Alloc>::rebind_alloc<_Ty>>::size_type) noexcept const'
C:\Program Files (x86)\Microsoft Visual Studio\2019\Community\VC\Tools\MSVC\14.29.30037\include\vector(1562,44): message : o       '_Ty &std::vector<_Ty,_Alloc>::operator [](const allocator_traits<allocator_traits<_Alloc>::rebind_alloc<_Ty>>::size_type) noexcept'
D:\Maestro\POO\Recursos\Proyectos\ENGINES\OGL_TEMPLATE\OGL_ENGINE\OGL_ENGINE\include\engine\functions.h(250,31): message : al hacer coincidir la lista de argumentos '(std::vector, int)'
D:\Maestro\POO\Recursos\Proyectos\ENGINES\OGL_TEMPLATE\OGL_ENGINE\OGL_ENGINE\include\engine\functions.h(256,44): error C2678: '[' binario: no se encontró un operador que adopte un operando en la parte izquierda de tipo 'std::vector' (o bien no existe una conversión aceptable)
C:\Program Files (x86)\Microsoft Visual Studio\2019\Community\VC\Tools\MSVC\14.29.30037\include\vector(1572,50): message : puede ser 'const _Ty &std::vector<_Ty,_Alloc>::operator [](const allocator_traits<allocator_traits<_Alloc>::rebind_alloc<_Ty>>::size_type) noexcept const'
C:\Program Files (x86)\Microsoft Visual Studio\2019\Community\VC\Tools\MSVC\14.29.30037\include\vector(1562,44): message : o       '_Ty &std::vector<_Ty,_Alloc>::operator [](const allocator_traits<allocator_traits<_Alloc>::rebind_alloc<_Ty>>::size_type) noexcept'
D:\Maestro\POO\Recursos\Proyectos\ENGINES\OGL_TEMPLATE\OGL_ENGINE\OGL_ENGINE\include\engine\functions.h(256,44): message : al hacer coincidir la lista de argumentos '(std::vector, int)'
D:\Maestro\POO\Recursos\Proyectos\ENGINES\OGL_TEMPLATE\OGL_ENGINE\OGL_ENGINE\include\engine\functions.h(258,31): error C2678: '[' binario: no se encontró un operador que adopte un operando en la parte izquierda de tipo 'std::vector' (o bien no existe una conversión aceptable)
C:\Program Files (x86)\Microsoft Visual Studio\2019\Community\VC\Tools\MSVC\14.29.30037\include\vector(1572,50): message : puede ser 'const _Ty &std::vector<_Ty,_Alloc>::operator [](const allocator_traits<allocator_traits<_Alloc>::rebind_alloc<_Ty>>::size_type) noexcept const'
C:\Program Files (x86)\Microsoft Visual Studio\2019\Community\VC\Tools\MSVC\14.29.30037\include\vector(1562,44): message : o       '_Ty &std::vector<_Ty,_Alloc>::operator [](const allocator_traits<allocator_traits<_Alloc>::rebind_alloc<_Ty>>::size_type) noexcept'
D:\Maestro\POO\Recursos\Proyectos\ENGINES\OGL_TEMPLATE\OGL_ENGINE\OGL_ENGINE\include\engine\functions.h(258,31): message : al hacer coincidir la lista de argumentos '(std::vector, int)'
D:\Maestro\POO\Recursos\Proyectos\ENGINES\OGL_TEMPLATE\OGL_ENGINE\OGL_ENGINE\include\engine\functions.h(262,44): error C2678: '[' binario: no se encontró un operador que adopte un operando en la parte izquierda de tipo 'std::vector' (o bien no existe una conversión aceptable)
C:\Program Files (x86)\Microsoft Visual Studio\2019\Community\VC\Tools\MSVC\14.29.30037\include\vector(1572,50): message : puede ser 'const _Ty &std::vector<_Ty,_Alloc>::operator [](const allocator_traits<allocator_traits<_Alloc>::rebind_alloc<_Ty>>::size_type) noexcept const'
C:\Program Files (x86)\Microsoft Visual Studio\2019\Community\VC\Tools\MSVC\14.29.30037\include\vector(1562,44): message : o       '_Ty &std::vector<_Ty,_Alloc>::operator [](const allocator_traits<allocator_traits<_Alloc>::rebind_alloc<_Ty>>::size_type) noexcept'
D:\Maestro\POO\Recursos\Proyectos\ENGINES\OGL_TEMPLATE\OGL_ENGINE\OGL_ENGINE\include\engine\functions.h(262,44): message : al hacer coincidir la lista de argumentos '(std::vector, int)'
D:\Maestro\POO\Recursos\Proyectos\ENGINES\OGL_TEMPLATE\OGL_ENGINE\OGL_ENGINE\include\engine\functions.h(264,31): error C2678: '[' binario: no se encontró un operador que adopte un operando en la parte izquierda de tipo 'std::vector' (o bien no existe una conversión aceptable)
C:\Program Files (x86)\Microsoft Visual Studio\2019\Community\VC\Tools\MSVC\14.29.30037\include\vector(1572,50): message : puede ser 'const _Ty &std::vector<_Ty,_Alloc>::operator [](const allocator_traits<allocator_traits<_Alloc>::rebind_alloc<_Ty>>::size_type) noexcept const'
C:\Program Files (x86)\Microsoft Visual Studio\2019\Community\VC\Tools\MSVC\14.29.30037\include\vector(1562,44): message : o       '_Ty &std::vector<_Ty,_Alloc>::operator [](const allocator_traits<allocator_traits<_Alloc>::rebind_alloc<_Ty>>::size_type) noexcept'
D:\Maestro\POO\Recursos\Proyectos\ENGINES\OGL_TEMPLATE\OGL_ENGINE\OGL_ENGINE\include\engine\functions.h(264,31): message : al hacer coincidir la lista de argumentos '(std::vector, int)'
D:\Maestro\POO\Recursos\Proyectos\ENGINES\OGL_TEMPLATE\OGL_ENGINE\OGL_ENGINE\include\engine\functions.h(269,44): error C2678: '[' binario: no se encontró un operador que adopte un operando en la parte izquierda de tipo 'std::vector' (o bien no existe una conversión aceptable)
C:\Program Files (x86)\Microsoft Visual Studio\2019\Community\VC\Tools\MSVC\14.29.30037\include\vector(1572,50): message : puede ser 'const _Ty &std::vector<_Ty,_Alloc>::operator [](const allocator_traits<allocator_traits<_Alloc>::rebind_alloc<_Ty>>::size_type) noexcept const'
C:\Program Files (x86)\Microsoft Visual Studio\2019\Community\VC\Tools\MSVC\14.29.30037\include\vector(1562,44): message : o       '_Ty &std::vector<_Ty,_Alloc>::operator [](const allocator_traits<allocator_traits<_Alloc>::rebind_alloc<_Ty>>::size_type) noexcept'
D:\Maestro\POO\Recursos\Proyectos\ENGINES\OGL_TEMPLATE\OGL_ENGINE\OGL_ENGINE\include\engine\functions.h(269,44): message : al hacer coincidir la lista de argumentos '(std::vector, int)'
D:\Maestro\POO\Recursos\Proyectos\ENGINES\OGL_TEMPLATE\OGL_ENGINE\OGL_ENGINE\include\engine\functions.h(271,31): error C2678: '[' binario: no se encontró un operador que adopte un operando en la parte izquierda de tipo 'std::vector' (o bien no existe una conversión aceptable)
C:\Program Files (x86)\Microsoft Visual Studio\2019\Community\VC\Tools\MSVC\14.29.30037\include\vector(1572,50): message : puede ser 'const _Ty &std::vector<_Ty,_Alloc>::operator [](const allocator_traits<allocator_traits<_Alloc>::rebind_alloc<_Ty>>::size_type) noexcept const'
C:\Program Files (x86)\Microsoft Visual Studio\2019\Community\VC\Tools\MSVC\14.29.30037\include\vector(1562,44): message : o       '_Ty &std::vector<_Ty,_Alloc>::operator [](const allocator_traits<allocator_traits<_Alloc>::rebind_alloc<_Ty>>::size_type) noexcept'
D:\Maestro\POO\Recursos\Proyectos\ENGINES\OGL_TEMPLATE\OGL_ENGINE\OGL_ENGINE\include\engine\functions.h(271,31): message : al hacer coincidir la lista de argumentos '(std::vector, int)'
D:\Maestro\POO\Recursos\Proyectos\ENGINES\OGL_TEMPLATE\OGL_ENGINE\OGL_ENGINE\include\engine\functions.h(275,44): error C2678: '[' binario: no se encontró un operador que adopte un operando en la parte izquierda de tipo 'std::vector' (o bien no existe una conversión aceptable)
C:\Program Files (x86)\Microsoft Visual Studio\2019\Community\VC\Tools\MSVC\14.29.30037\include\vector(1572,50): message : puede ser 'const _Ty &std::vector<_Ty,_Alloc>::operator [](const allocator_traits<allocator_traits<_Alloc>::rebind_alloc<_Ty>>::size_type) noexcept const'
C:\Program Files (x86)\Microsoft Visual Studio\2019\Community\VC\Tools\MSVC\14.29.30037\include\vector(1562,44): message : o       '_Ty &std::vector<_Ty,_Alloc>::operator [](const allocator_traits<allocator_traits<_Alloc>::rebind_alloc<_Ty>>::size_type) noexcept'
D:\Maestro\POO\Recursos\Proyectos\ENGINES\OGL_TEMPLATE\OGL_ENGINE\OGL_ENGINE\include\engine\functions.h(275,44): message : al hacer coincidir la lista de argumentos '(std::vector, int)'
D:\Maestro\POO\Recursos\Proyectos\ENGINES\OGL_TEMPLATE\OGL_ENGINE\OGL_ENGINE\include\engine\functions.h(277,31): error C2678: '[' binario: no se encontró un operador que adopte un operando en la parte izquierda de tipo 'std::vector' (o bien no existe una conversión aceptable)
C:\Program Files (x86)\Microsoft Visual Studio\2019\Community\VC\Tools\MSVC\14.29.30037\include\vector(1572,50): message : puede ser 'const _Ty &std::vector<_Ty,_Alloc>::operator [](const allocator_traits<allocator_traits<_Alloc>::rebind_alloc<_Ty>>::size_type) noexcept const'
C:\Program Files (x86)\Microsoft Visual Studio\2019\Community\VC\Tools\MSVC\14.29.30037\include\vector(1562,44): message : o       '_Ty &std::vector<_Ty,_Alloc>::operator [](const allocator_traits<allocator_traits<_Alloc>::rebind_alloc<_Ty>>::size_type) noexcept'
D:\Maestro\POO\Recursos\Proyectos\ENGINES\OGL_TEMPLATE\OGL_ENGINE\OGL_ENGINE\include\engine\functions.h(277,31): message : al hacer coincidir la lista de argumentos '(std::vector, int)'
D:\Maestro\POO\Recursos\Proyectos\ENGINES\OGL_TEMPLATE\OGL_ENGINE\OGL_ENGINE\include\engine\functions.h(282,44): error C2678: '[' binario: no se encontró un operador que adopte un operando en la parte izquierda de tipo 'std::vector' (o bien no existe una conversión aceptable)
C:\Program Files (x86)\Microsoft Visual Studio\2019\Community\VC\Tools\MSVC\14.29.30037\include\vector(1572,50): message : puede ser 'const _Ty &std::vector<_Ty,_Alloc>::operator [](const allocator_traits<allocator_traits<_Alloc>::rebind_alloc<_Ty>>::size_type) noexcept const'
C:\Program Files (x86)\Microsoft Visual Studio\2019\Community\VC\Tools\MSVC\14.29.30037\include\vector(1562,44): message : o       '_Ty &std::vector<_Ty,_Alloc>::operator [](const allocator_traits<allocator_traits<_Alloc>::rebind_alloc<_Ty>>::size_type) noexcept'
D:\Maestro\POO\Recursos\Proyectos\ENGINES\OGL_TEMPLATE\OGL_ENGINE\OGL_ENGINE\include\engine\functions.h(282,44): message : al hacer coincidir la lista de argumentos '(std::vector, int)'
D:\Maestro\POO\Recursos\Proyectos\ENGINES\OGL_TEMPLATE\OGL_ENGINE\OGL_ENGINE\include\engine\functions.h(284,31): error C2678: '[' binario: no se encontró un operador que adopte un operando en la parte izquierda de tipo 'std::vector' (o bien no existe una conversión aceptable)
C:\Program Files (x86)\Microsoft Visual Studio\2019\Community\VC\Tools\MSVC\14.29.30037\include\vector(1572,50): message : puede ser 'const _Ty &std::vector<_Ty,_Alloc>::operator [](const allocator_traits<allocator_traits<_Alloc>::rebind_alloc<_Ty>>::size_type) noexcept const'
C:\Program Files (x86)\Microsoft Visual Studio\2019\Community\VC\Tools\MSVC\14.29.30037\include\vector(1562,44): message : o       '_Ty &std::vector<_Ty,_Alloc>::operator [](const allocator_traits<allocator_traits<_Alloc>::rebind_alloc<_Ty>>::size_type) noexcept'
D:\Maestro\POO\Recursos\Proyectos\ENGINES\OGL_TEMPLATE\OGL_ENGINE\OGL_ENGINE\include\engine\functions.h(284,31): message : al hacer coincidir la lista de argumentos '(std::vector, int)'
D:\Maestro\POO\Recursos\Proyectos\ENGINES\OGL_TEMPLATE\OGL_ENGINE\OGL_ENGINE\include\engine\functions.h(288,44): error C2678: '[' binario: no se encontró un operador que adopte un operando en la parte izquierda de tipo 'std::vector' (o bien no existe una conversión aceptable)
C:\Program Files (x86)\Microsoft Visual Studio\2019\Community\VC\Tools\MSVC\14.29.30037\include\vector(1572,50): message : puede ser 'const _Ty &std::vector<_Ty,_Alloc>::operator [](const allocator_traits<allocator_traits<_Alloc>::rebind_alloc<_Ty>>::size_type) noexcept const'
C:\Program Files (x86)\Microsoft Visual Studio\2019\Community\VC\Tools\MSVC\14.29.30037\include\vector(1562,44): message : o       '_Ty &std::vector<_Ty,_Alloc>::operator [](const allocator_traits<allocator_traits<_Alloc>::rebind_alloc<_Ty>>::size_type) noexcept'
D:\Maestro\POO\Recursos\Proyectos\ENGINES\OGL_TEMPLATE\OGL_ENGINE\OGL_ENGINE\include\engine\functions.h(288,44): message : al hacer coincidir la lista de argumentos '(std::vector, int)'
D:\Maestro\POO\Recursos\Proyectos\ENGINES\OGL_TEMPLATE\OGL_ENGINE\OGL_ENGINE\include\engine\functions.h(290,31): error C2678: '[' binario: no se encontró un operador que adopte un operando en la parte izquierda de tipo 'std::vector' (o bien no existe una conversión aceptable)
C:\Program Files (x86)\Microsoft Visual Studio\2019\Community\VC\Tools\MSVC\14.29.30037\include\vector(1572,50): message : puede ser 'const _Ty &std::vector<_Ty,_Alloc>::operator [](const allocator_traits<allocator_traits<_Alloc>::rebind_alloc<_Ty>>::size_type) noexcept const'
C:\Program Files (x86)\Microsoft Visual Studio\2019\Community\VC\Tools\MSVC\14.29.30037\include\vector(1562,44): message : o       '_Ty &std::vector<_Ty,_Alloc>::operator [](const allocator_traits<allocator_traits<_Alloc>::rebind_alloc<_Ty>>::size_type) noexcept'
D:\Maestro\POO\Recursos\Proyectos\ENGINES\OGL_TEMPLATE\OGL_ENGINE\OGL_ENGINE\include\engine\functions.h(290,31): message : al hacer coincidir la lista de argumentos '(std::vector, int)'
D:\Maestro\POO\Recursos\Proyectos\ENGINES\OGL_TEMPLATE\OGL_ENGINE\OGL_ENGINE\include\engine\functions.h(297,45): error C2662: 'allocator_traits<allocator_traits<_Alloc>::rebind_alloc<_Ty>>::size_type std::vector<_Ty,_Alloc>::size(void) noexcept const': no se puede convertir el puntero 'this' de 'std::vector' a 'const std::vector<_Ty,_Alloc> &'
D:\Maestro\POO\Recursos\Proyectos\ENGINES\OGL_TEMPLATE\OGL_ENGINE\OGL_ENGINE\include\engine\functions.h(297,45): message : Razón: no se puede realizar la conversión de 'std::vector' a 'const std::vector<_Ty,_Alloc>'
D:\Maestro\POO\Recursos\Proyectos\ENGINES\OGL_TEMPLATE\OGL_ENGINE\OGL_ENGINE\include\engine\functions.h(297,33): message : La conversión requiere un segundo operador de conversión definido por el usuario o constructor
C:\Program Files (x86)\Microsoft Visual Studio\2019\Community\VC\Tools\MSVC\14.29.30037\include\vector(1547,49): message : vea la declaración de 'std::vector<_Ty,_Alloc>::size'
D:\Maestro\POO\Recursos\Proyectos\ENGINES\OGL_TEMPLATE\OGL_ENGINE\OGL_ENGINE\include\engine\functions.h(299,42): error C2678: '[' binario: no se encontró un operador que adopte un operando en la parte izquierda de tipo 'std::vector' (o bien no existe una conversión aceptable)
C:\Program Files (x86)\Microsoft Visual Studio\2019\Community\VC\Tools\MSVC\14.29.30037\include\vector(1572,50): message : puede ser 'const _Ty &std::vector<_Ty,_Alloc>::operator [](const allocator_traits<allocator_traits<_Alloc>::rebind_alloc<_Ty>>::size_type) noexcept const'
C:\Program Files (x86)\Microsoft Visual Studio\2019\Community\VC\Tools\MSVC\14.29.30037\include\vector(1562,44): message : o       '_Ty &std::vector<_Ty,_Alloc>::operator [](const allocator_traits<allocator_traits<_Alloc>::rebind_alloc<_Ty>>::size_type) noexcept'
D:\Maestro\POO\Recursos\Proyectos\ENGINES\OGL_TEMPLATE\OGL_ENGINE\OGL_ENGINE\include\engine\functions.h(299,42): message : al hacer coincidir la lista de argumentos '(std::vector, int)'
D:\Maestro\POO\Recursos\Proyectos\ENGINES\OGL_TEMPLATE\OGL_ENGINE\OGL_ENGINE\include\engine\functions.h(300,42): error C2678: '[' binario: no se encontró un operador que adopte un operando en la parte izquierda de tipo 'std::vector' (o bien no existe una conversión aceptable)
C:\Program Files (x86)\Microsoft Visual Studio\2019\Community\VC\Tools\MSVC\14.29.30037\include\vector(1572,50): message : puede ser 'const _Ty &std::vector<_Ty,_Alloc>::operator [](const allocator_traits<allocator_traits<_Alloc>::rebind_alloc<_Ty>>::size_type) noexcept const'
C:\Program Files (x86)\Microsoft Visual Studio\2019\Community\VC\Tools\MSVC\14.29.30037\include\vector(1562,44): message : o       '_Ty &std::vector<_Ty,_Alloc>::operator [](const allocator_traits<allocator_traits<_Alloc>::rebind_alloc<_Ty>>::size_type) noexcept'
D:\Maestro\POO\Recursos\Proyectos\ENGINES\OGL_TEMPLATE\OGL_ENGINE\OGL_ENGINE\include\engine\functions.h(300,42): message : al hacer coincidir la lista de argumentos '(std::vector, int)'
D:\Maestro\POO\Recursos\Proyectos\ENGINES\OGL_TEMPLATE\OGL_ENGINE\OGL_ENGINE\include\engine\functions.h(301,42): error C2678: '[' binario: no se encontró un operador que adopte un operando en la parte izquierda de tipo 'std::vector' (o bien no existe una conversión aceptable)
C:\Program Files (x86)\Microsoft Visual Studio\2019\Community\VC\Tools\MSVC\14.29.30037\include\vector(1572,50): message : puede ser 'const _Ty &std::vector<_Ty,_Alloc>::operator [](const allocator_traits<allocator_traits<_Alloc>::rebind_alloc<_Ty>>::size_type) noexcept const'
C:\Program Files (x86)\Microsoft Visual Studio\2019\Community\VC\Tools\MSVC\14.29.30037\include\vector(1562,44): message : o       '_Ty &std::vector<_Ty,_Alloc>::operator [](const allocator_traits<allocator_traits<_Alloc>::rebind_alloc<_Ty>>::size_type) noexcept'
D:\Maestro\POO\Recursos\Proyectos\ENGINES\OGL_TEMPLATE\OGL_ENGINE\OGL_ENGINE\include\engine\functions.h(301,42): message : al hacer coincidir la lista de argumentos '(std::vector, int)'
D:\Maestro\POO\Recursos\Proyectos\ENGINES\OGL_TEMPLATE\OGL_ENGINE\OGL_ENGINE\include\engine\functions.h(315,66): error C2678: '[' binario: no se encontró un operador que adopte un operando en la parte izquierda de tipo 'std::vector' (o bien no existe una conversión aceptable)
C:\Program Files (x86)\Microsoft Visual Studio\2019\Community\VC\Tools\MSVC\14.29.30037\include\vector(1572,50): message : puede ser 'const _Ty &std::vector<_Ty,_Alloc>::operator [](const allocator_traits<allocator_traits<_Alloc>::rebind_alloc<_Ty>>::size_type) noexcept const'
C:\Program Files (x86)\Microsoft Visual Studio\2019\Community\VC\Tools\MSVC\14.29.30037\include\vector(1562,44): message : o       '_Ty &std::vector<_Ty,_Alloc>::operator [](const allocator_traits<allocator_traits<_Alloc>::rebind_alloc<_Ty>>::size_type) noexcept'
D:\Maestro\POO\Recursos\Proyectos\ENGINES\OGL_TEMPLATE\OGL_ENGINE\OGL_ENGINE\include\engine\functions.h(315,66): message : al hacer coincidir la lista de argumentos '(std::vector, int)'
D:\Maestro\POO\Recursos\Proyectos\ENGINES\OGL_TEMPLATE\OGL_ENGINE\OGL_ENGINE\include\engine\functions.h(316,39): error C2678: '[' binario: no se encontró un operador que adopte un operando en la parte izquierda de tipo 'std::vector' (o bien no existe una conversión aceptable)
C:\Program Files (x86)\Microsoft Visual Studio\2019\Community\VC\Tools\MSVC\14.29.30037\include\vector(1572,50): message : puede ser 'const _Ty &std::vector<_Ty,_Alloc>::operator [](const allocator_traits<allocator_traits<_Alloc>::rebind_alloc<_Ty>>::size_type) noexcept const'
C:\Program Files (x86)\Microsoft Visual Studio\2019\Community\VC\Tools\MSVC\14.29.30037\include\vector(1562,44): message : o       '_Ty &std::vector<_Ty,_Alloc>::operator [](const allocator_traits<allocator_traits<_Alloc>::rebind_alloc<_Ty>>::size_type) noexcept'
D:\Maestro\POO\Recursos\Proyectos\ENGINES\OGL_TEMPLATE\OGL_ENGINE\OGL_ENGINE\include\engine\functions.h(316,39): message : al hacer coincidir la lista de argumentos '(std::vector, int)'
D:\Maestro\POO\Recursos\Proyectos\ENGINES\OGL_TEMPLATE\OGL_ENGINE\OGL_ENGINE\include\engine\functions.h(411,49): error C2662: 'allocator_traits<allocator_traits<_Alloc>::rebind_alloc<_Ty>>::size_type std::vector<_Ty,_Alloc>::size(void) noexcept const': no se puede convertir el puntero 'this' de 'std::vector' a 'const std::vector<_Ty,_Alloc> &'
D:\Maestro\POO\Recursos\Proyectos\ENGINES\OGL_TEMPLATE\OGL_ENGINE\OGL_ENGINE\include\engine\functions.h(411,49): message : Razón: no se puede realizar la conversión de 'std::vector' a 'const std::vector<_Ty,_Alloc>'
D:\Maestro\POO\Recursos\Proyectos\ENGINES\OGL_TEMPLATE\OGL_ENGINE\OGL_ENGINE\include\engine\functions.h(411,37): message : La conversión requiere un segundo operador de conversión definido por el usuario o constructor
C:\Program Files (x86)\Microsoft Visual Studio\2019\Community\VC\Tools\MSVC\14.29.30037\include\vector(1547,49): message : vea la declaración de 'std::vector<_Ty,_Alloc>::size'
D:\Maestro\POO\Recursos\Proyectos\ENGINES\OGL_TEMPLATE\OGL_ENGINE\OGL_ENGINE\include\engine\functions.h(446,67): error C2678: '[' binario: no se encontró un operador que adopte un operando en la parte izquierda de tipo 'std::vector' (o bien no existe una conversión aceptable)
C:\Program Files (x86)\Microsoft Visual Studio\2019\Community\VC\Tools\MSVC\14.29.30037\include\vector(1572,50): message : puede ser 'const _Ty &std::vector<_Ty,_Alloc>::operator [](const allocator_traits<allocator_traits<_Alloc>::rebind_alloc<_Ty>>::size_type) noexcept const'
C:\Program Files (x86)\Microsoft Visual Studio\2019\Community\VC\Tools\MSVC\14.29.30037\include\vector(1562,44): message : o       '_Ty &std::vector<_Ty,_Alloc>::operator [](const allocator_traits<allocator_traits<_Alloc>::rebind_alloc<_Ty>>::size_type) noexcept'
D:\Maestro\POO\Recursos\Proyectos\ENGINES\OGL_TEMPLATE\OGL_ENGINE\OGL_ENGINE\include\engine\functions.h(446,67): message : al hacer coincidir la lista de argumentos '(std::vector, int)'
D:\Maestro\POO\Recursos\Proyectos\ENGINES\OGL_TEMPLATE\OGL_ENGINE\OGL_ENGINE\include\engine\functions.h(447,59): error C2678: '[' binario: no se encontró un operador que adopte un operando en la parte izquierda de tipo 'std::vector' (o bien no existe una conversión aceptable)
C:\Program Files (x86)\Microsoft Visual Studio\2019\Community\VC\Tools\MSVC\14.29.30037\include\vector(1572,50): message : puede ser 'const _Ty &std::vector<_Ty,_Alloc>::operator [](const allocator_traits<allocator_traits<_Alloc>::rebind_alloc<_Ty>>::size_type) noexcept const'
C:\Program Files (x86)\Microsoft Visual Studio\2019\Community\VC\Tools\MSVC\14.29.30037\include\vector(1562,44): message : o       '_Ty &std::vector<_Ty,_Alloc>::operator [](const allocator_traits<allocator_traits<_Alloc>::rebind_alloc<_Ty>>::size_type) noexcept'
D:\Maestro\POO\Recursos\Proyectos\ENGINES\OGL_TEMPLATE\OGL_ENGINE\OGL_ENGINE\include\engine\functions.h(447,59): message : al hacer coincidir la lista de argumentos '(std::vector, int)'
D:\Maestro\POO\Recursos\Proyectos\ENGINES\OGL_TEMPLATE\OGL_ENGINE\OGL_ENGINE\include\engine\functions.h(459,46): warning C4244: '=': conversión de 'double' a 'T'; posible pérdida de datos
          with
          [
              T=float
          ]
D:\Maestro\POO\Recursos\Proyectos\ENGINES\OGL_TEMPLATE\OGL_ENGINE\OGL_ENGINE\include\engine\functions.h(472,46): warning C4244: '=': conversión de 'double' a 'T'; posible pérdida de datos
          with
          [
              T=float
          ]
D:\Maestro\POO\Recursos\Proyectos\ENGINES\OGL_TEMPLATE\OGL_ENGINE\OGL_ENGINE\include\engine\functions.h(485,46): warning C4244: '=': conversión de 'double' a 'T'; posible pérdida de datos
          with
          [
              T=float
          ]
D:\Maestro\POO\Recursos\Proyectos\ENGINES\OGL_TEMPLATE\OGL_ENGINE\OGL_ENGINE\include\engine\functions.h(554,45): error C2662: 'allocator_traits<allocator_traits<_Alloc>::rebind_alloc<_Ty>>::size_type std::vector<_Ty,_Alloc>::size(void) noexcept const': no se puede convertir el puntero 'this' de 'std::vector' a 'const std::vector<_Ty,_Alloc> &'
D:\Maestro\POO\Recursos\Proyectos\ENGINES\OGL_TEMPLATE\OGL_ENGINE\OGL_ENGINE\include\engine\functions.h(554,45): message : Razón: no se puede realizar la conversión de 'std::vector' a 'const std::vector<_Ty,_Alloc>'
D:\Maestro\POO\Recursos\Proyectos\ENGINES\OGL_TEMPLATE\OGL_ENGINE\OGL_ENGINE\include\engine\functions.h(554,33): message : La conversión requiere un segundo operador de conversión definido por el usuario o constructor
C:\Program Files (x86)\Microsoft Visual Studio\2019\Community\VC\Tools\MSVC\14.29.30037\include\vector(1547,49): message : vea la declaración de 'std::vector<_Ty,_Alloc>::size'
D:\Maestro\POO\Recursos\Proyectos\ENGINES\OGL_TEMPLATE\OGL_ENGINE\OGL_ENGINE\include\engine\functions.h(556,43): error C2678: '[' binario: no se encontró un operador que adopte un operando en la parte izquierda de tipo 'std::vector' (o bien no existe una conversión aceptable)
C:\Program Files (x86)\Microsoft Visual Studio\2019\Community\VC\Tools\MSVC\14.29.30037\include\vector(1572,50): message : puede ser 'const _Ty &std::vector<_Ty,_Alloc>::operator [](const allocator_traits<allocator_traits<_Alloc>::rebind_alloc<_Ty>>::size_type) noexcept const'
C:\Program Files (x86)\Microsoft Visual Studio\2019\Community\VC\Tools\MSVC\14.29.30037\include\vector(1562,44): message : o       '_Ty &std::vector<_Ty,_Alloc>::operator [](const allocator_traits<allocator_traits<_Alloc>::rebind_alloc<_Ty>>::size_type) noexcept'
D:\Maestro\POO\Recursos\Proyectos\ENGINES\OGL_TEMPLATE\OGL_ENGINE\OGL_ENGINE\include\engine\functions.h(556,43): message : al hacer coincidir la lista de argumentos '(std::vector, int)'
D:\Maestro\POO\Recursos\Proyectos\ENGINES\OGL_TEMPLATE\OGL_ENGINE\OGL_ENGINE\include\engine\functions.h(557,46): error C2678: '[' binario: no se encontró un operador que adopte un operando en la parte izquierda de tipo 'std::vector' (o bien no existe una conversión aceptable)
C:\Program Files (x86)\Microsoft Visual Studio\2019\Community\VC\Tools\MSVC\14.29.30037\include\vector(1572,50): message : puede ser 'const _Ty &std::vector<_Ty,_Alloc>::operator [](const allocator_traits<allocator_traits<_Alloc>::rebind_alloc<_Ty>>::size_type) noexcept const'
C:\Program Files (x86)\Microsoft Visual Studio\2019\Community\VC\Tools\MSVC\14.29.30037\include\vector(1562,44): message : o       '_Ty &std::vector<_Ty,_Alloc>::operator [](const allocator_traits<allocator_traits<_Alloc>::rebind_alloc<_Ty>>::size_type) noexcept'
D:\Maestro\POO\Recursos\Proyectos\ENGINES\OGL_TEMPLATE\OGL_ENGINE\OGL_ENGINE\include\engine\functions.h(557,46): message : al hacer coincidir la lista de argumentos '(std::vector, int)'
D:\Maestro\POO\Recursos\Proyectos\ENGINES\OGL_TEMPLATE\OGL_ENGINE\OGL_ENGINE\include\engine\functions.h(558,48): error C2678: '[' binario: no se encontró un operador que adopte un operando en la parte izquierda de tipo 'std::vector' (o bien no existe una conversión aceptable)
C:\Program Files (x86)\Microsoft Visual Studio\2019\Community\VC\Tools\MSVC\14.29.30037\include\vector(1572,50): message : puede ser 'const _Ty &std::vector<_Ty,_Alloc>::operator [](const allocator_traits<allocator_traits<_Alloc>::rebind_alloc<_Ty>>::size_type) noexcept const'
C:\Program Files (x86)\Microsoft Visual Studio\2019\Community\VC\Tools\MSVC\14.29.30037\include\vector(1562,44): message : o       '_Ty &std::vector<_Ty,_Alloc>::operator [](const allocator_traits<allocator_traits<_Alloc>::rebind_alloc<_Ty>>::size_type) noexcept'
D:\Maestro\POO\Recursos\Proyectos\ENGINES\OGL_TEMPLATE\OGL_ENGINE\OGL_ENGINE\include\engine\functions.h(558,48): message : al hacer coincidir la lista de argumentos '(std::vector, int)'
D:\Maestro\POO\Recursos\Proyectos\ENGINES\OGL_TEMPLATE\OGL_ENGINE\OGL_ENGINE\include\engine\functions.h(578,17): warning C4244: '=': conversión de 'double' a 'float'; posible pérdida de datos
D:\Maestro\POO\Recursos\Proyectos\ENGINES\OGL_TEMPLATE\OGL_ENGINE\OGL_ENGINE\include\engine\functions.h(579,17): warning C4244: '=': conversión de 'double' a 'float'; posible pérdida de datos
D:\Maestro\POO\Recursos\Proyectos\ENGINES\OGL_TEMPLATE\OGL_ENGINE\OGL_ENGINE\include\engine\functions.h(583,19): warning C4244: 'inicializando': conversión de 'double' a 'float'; posible pérdida de datos
D:\Maestro\POO\Recursos\Proyectos\ENGINES\OGL_TEMPLATE\OGL_ENGINE\OGL_ENGINE\include\engine\functions.h(584,19): warning C4244: 'inicializando': conversión de 'double' a 'float'; posible pérdida de datos
D:\Maestro\POO\Recursos\Proyectos\ENGINES\OGL_TEMPLATE\OGL_ENGINE\OGL_ENGINE\include\engine\functions.h(586,13): warning C4244: '=': conversión de 'double' a 'float'; posible pérdida de datos
D:\Maestro\POO\Recursos\Proyectos\ENGINES\OGL_TEMPLATE\OGL_ENGINE\OGL_ENGINE\include\engine\functions.h(587,13): warning C4244: '=': conversión de 'double' a 'float'; posible pérdida de datos
D:\Maestro\POO\Recursos\Proyectos\ENGINES\OGL_TEMPLATE\OGL_ENGINE\OGL_ENGINE\include\engine\functions.h(609,21): warning C4244: '=': conversión de 'double' a 'float'; posible pérdida de datos
D:\Maestro\POO\Recursos\Proyectos\ENGINES\OGL_TEMPLATE\OGL_ENGINE\OGL_ENGINE\include\engine\functions.h(610,21): warning C4244: '=': conversión de 'double' a 'float'; posible pérdida de datos
D:\Maestro\POO\Recursos\Proyectos\ENGINES\OGL_TEMPLATE\OGL_ENGINE\OGL_ENGINE\include\engine\functions.h(614,23): warning C4244: 'inicializando': conversión de 'double' a 'float'; posible pérdida de datos
D:\Maestro\POO\Recursos\Proyectos\ENGINES\OGL_TEMPLATE\OGL_ENGINE\OGL_ENGINE\include\engine\functions.h(615,23): warning C4244: 'inicializando': conversión de 'double' a 'float'; posible pérdida de datos
D:\Maestro\POO\Recursos\Proyectos\ENGINES\OGL_TEMPLATE\OGL_ENGINE\OGL_ENGINE\include\engine\functions.h(617,17): warning C4244: '=': conversión de 'double' a 'float'; posible pérdida de datos
D:\Maestro\POO\Recursos\Proyectos\ENGINES\OGL_TEMPLATE\OGL_ENGINE\OGL_ENGINE\include\engine\functions.h(618,17): warning C4244: '=': conversión de 'double' a 'float'; posible pérdida de datos
D:\Maestro\POO\Recursos\Proyectos\ENGINES\OGL_TEMPLATE\OGL_ENGINE\OGL_ENGINE\include\engine\functions.h(637,31): warning C4244: 'argumento': conversión de 'double' a 'float'; posible pérdida de datos
D:\Maestro\POO\Recursos\Proyectos\ENGINES\OGL_TEMPLATE\OGL_ENGINE\OGL_ENGINE\main.cpp(62,47): error C2678: '[' binario: no se encontró un operador que adopte un operando en la parte izquierda de tipo 'std::vector' (o bien no existe una conversión aceptable)
C:\Program Files (x86)\Microsoft Visual Studio\2019\Community\VC\Tools\MSVC\14.29.30037\include\vector(1572,50): message : puede ser 'const _Ty &std::vector<_Ty,_Alloc>::operator [](const allocator_traits<allocator_traits<_Alloc>::rebind_alloc<_Ty>>::size_type) noexcept const'
C:\Program Files (x86)\Microsoft Visual Studio\2019\Community\VC\Tools\MSVC\14.29.30037\include\vector(1562,44): message : o       '_Ty &std::vector<_Ty,_Alloc>::operator [](const allocator_traits<allocator_traits<_Alloc>::rebind_alloc<_Ty>>::size_type) noexcept'
D:\Maestro\POO\Recursos\Proyectos\ENGINES\OGL_TEMPLATE\OGL_ENGINE\OGL_ENGINE\main.cpp(62,47): message : al hacer coincidir la lista de argumentos '(std::vector, int)'
D:\Maestro\POO\Recursos\Proyectos\ENGINES\OGL_TEMPLATE\OGL_ENGINE\OGL_ENGINE\main.cpp(69,28): warning C4244: 'inicializando': conversión de 'double' a 'float'; posible pérdida de datos
D:\Maestro\POO\Recursos\Proyectos\ENGINES\OGL_TEMPLATE\OGL_ENGINE\OGL_ENGINE\main.cpp(72,28): warning C4305: '+=': truncamiento de 'double' a 'float'
D:\Maestro\POO\Recursos\Proyectos\ENGINES\OGL_TEMPLATE\OGL_ENGINE\OGL_ENGINE\main.cpp(106,37): error C2662: 'allocator_traits<allocator_traits<_Alloc>::rebind_alloc<_Ty>>::size_type std::vector<_Ty,_Alloc>::size(void) noexcept const': no se puede convertir el puntero 'this' de 'std::vector' a 'const std::vector<_Ty,_Alloc> &'
D:\Maestro\POO\Recursos\Proyectos\ENGINES\OGL_TEMPLATE\OGL_ENGINE\OGL_ENGINE\main.cpp(106,37): message : Razón: no se puede realizar la conversión de 'std::vector' a 'const std::vector<_Ty,_Alloc>'
D:\Maestro\POO\Recursos\Proyectos\ENGINES\OGL_TEMPLATE\OGL_ENGINE\OGL_ENGINE\main.cpp(106,25): message : La conversión requiere un segundo operador de conversión definido por el usuario o constructor
C:\Program Files (x86)\Microsoft Visual Studio\2019\Community\VC\Tools\MSVC\14.29.30037\include\vector(1547,49): message : vea la declaración de 'std::vector<_Ty,_Alloc>::size'
D:\Maestro\POO\Recursos\Proyectos\ENGINES\OGL_TEMPLATE\OGL_ENGINE\OGL_ENGINE\main.cpp(107,17): error C2678: '[' binario: no se encontró un operador que adopte un operando en la parte izquierda de tipo 'std::vector' (o bien no existe una conversión aceptable)
C:\Program Files (x86)\Microsoft Visual Studio\2019\Community\VC\Tools\MSVC\14.29.30037\include\vector(1572,50): message : puede ser 'const _Ty &std::vector<_Ty,_Alloc>::operator [](const allocator_traits<allocator_traits<_Alloc>::rebind_alloc<_Ty>>::size_type) noexcept const'
C:\Program Files (x86)\Microsoft Visual Studio\2019\Community\VC\Tools\MSVC\14.29.30037\include\vector(1562,44): message : o       '_Ty &std::vector<_Ty,_Alloc>::operator [](const allocator_traits<allocator_traits<_Alloc>::rebind_alloc<_Ty>>::size_type) noexcept'
D:\Maestro\POO\Recursos\Proyectos\ENGINES\OGL_TEMPLATE\OGL_ENGINE\OGL_ENGINE\main.cpp(107,17): message : al hacer coincidir la lista de argumentos '(std::vector, int)'
D:\Maestro\POO\Recursos\Proyectos\ENGINES\OGL_TEMPLATE\OGL_ENGINE\OGL_ENGINE\main.cpp(158,22): error C3861: 'Model': no se encontró el identificador
D:\Maestro\POO\Recursos\Proyectos\ENGINES\OGL_TEMPLATE\OGL_ENGINE\OGL_ENGINE\main.cpp(159,22): error C3861: 'Model': no se encontró el identificador
D:\Maestro\POO\Recursos\Proyectos\ENGINES\OGL_TEMPLATE\OGL_ENGINE\OGL_ENGINE\main.cpp(160,22): error C3861: 'Model': no se encontró el identificador
D:\Maestro\POO\Recursos\Proyectos\ENGINES\OGL_TEMPLATE\OGL_ENGINE\OGL_ENGINE\main.cpp(220,37): error C2662: 'allocator_traits<allocator_traits<_Alloc>::rebind_alloc<_Ty>>::size_type std::vector<_Ty,_Alloc>::size(void) noexcept const': no se puede convertir el puntero 'this' de 'std::vector' a 'const std::vector<_Ty,_Alloc> &'
D:\Maestro\POO\Recursos\Proyectos\ENGINES\OGL_TEMPLATE\OGL_ENGINE\OGL_ENGINE\main.cpp(220,37): message : Razón: no se puede realizar la conversión de 'std::vector' a 'const std::vector<_Ty,_Alloc>'
D:\Maestro\POO\Recursos\Proyectos\ENGINES\OGL_TEMPLATE\OGL_ENGINE\OGL_ENGINE\main.cpp(220,25): message : La conversión requiere un segundo operador de conversión definido por el usuario o constructor
C:\Program Files (x86)\Microsoft Visual Studio\2019\Community\VC\Tools\MSVC\14.29.30037\include\vector(1547,49): message : vea la declaración de 'std::vector<_Ty,_Alloc>::size'
D:\Maestro\POO\Recursos\Proyectos\ENGINES\OGL_TEMPLATE\OGL_ENGINE\OGL_ENGINE\main.cpp(223,17): error C2678: '[' binario: no se encontró un operador que adopte un operando en la parte izquierda de tipo 'std::vector' (o bien no existe una conversión aceptable)
C:\Program Files (x86)\Microsoft Visual Studio\2019\Community\VC\Tools\MSVC\14.29.30037\include\vector(1572,50): message : puede ser 'const _Ty &std::vector<_Ty,_Alloc>::operator [](const allocator_traits<allocator_traits<_Alloc>::rebind_alloc<_Ty>>::size_type) noexcept const'
C:\Program Files (x86)\Microsoft Visual Studio\2019\Community\VC\Tools\MSVC\14.29.30037\include\vector(1562,44): message : o       '_Ty &std::vector<_Ty,_Alloc>::operator [](const allocator_traits<allocator_traits<_Alloc>::rebind_alloc<_Ty>>::size_type) noexcept'
D:\Maestro\POO\Recursos\Proyectos\ENGINES\OGL_TEMPLATE\OGL_ENGINE\OGL_ENGINE\main.cpp(223,17): message : al hacer coincidir la lista de argumentos '(std::vector, int)'
D:\Maestro\POO\Recursos\Proyectos\ENGINES\OGL_TEMPLATE\OGL_ENGINE\OGL_ENGINE\main.cpp(224,30): error C2678: '[' binario: no se encontró un operador que adopte un operando en la parte izquierda de tipo 'std::vector' (o bien no existe una conversión aceptable)
C:\Program Files (x86)\Microsoft Visual Studio\2019\Community\VC\Tools\MSVC\14.29.30037\include\vector(1572,50): message : puede ser 'const _Ty &std::vector<_Ty,_Alloc>::operator [](const allocator_traits<allocator_traits<_Alloc>::rebind_alloc<_Ty>>::size_type) noexcept const'
C:\Program Files (x86)\Microsoft Visual Studio\2019\Community\VC\Tools\MSVC\14.29.30037\include\vector(1562,44): message : o       '_Ty &std::vector<_Ty,_Alloc>::operator [](const allocator_traits<allocator_traits<_Alloc>::rebind_alloc<_Ty>>::size_type) noexcept'
D:\Maestro\POO\Recursos\Proyectos\ENGINES\OGL_TEMPLATE\OGL_ENGINE\OGL_ENGINE\main.cpp(224,30): message : al hacer coincidir la lista de argumentos '(std::vector, int)'
D:\Maestro\POO\Recursos\Proyectos\ENGINES\OGL_TEMPLATE\OGL_ENGINE\OGL_ENGINE\main.cpp(224,49): error C2678: '[' binario: no se encontró un operador que adopte un operando en la parte izquierda de tipo 'std::vector' (o bien no existe una conversión aceptable)
C:\Program Files (x86)\Microsoft Visual Studio\2019\Community\VC\Tools\MSVC\14.29.30037\include\vector(1572,50): message : puede ser 'const _Ty &std::vector<_Ty,_Alloc>::operator [](const allocator_traits<allocator_traits<_Alloc>::rebind_alloc<_Ty>>::size_type) noexcept const'
C:\Program Files (x86)\Microsoft Visual Studio\2019\Community\VC\Tools\MSVC\14.29.30037\include\vector(1562,44): message : o       '_Ty &std::vector<_Ty,_Alloc>::operator [](const allocator_traits<allocator_traits<_Alloc>::rebind_alloc<_Ty>>::size_type) noexcept'
D:\Maestro\POO\Recursos\Proyectos\ENGINES\OGL_TEMPLATE\OGL_ENGINE\OGL_ENGINE\main.cpp(224,49): message : al hacer coincidir la lista de argumentos '(std::vector, int)'
D:\Maestro\POO\Recursos\Proyectos\ENGINES\OGL_TEMPLATE\OGL_ENGINE\OGL_ENGINE\main.cpp(273,51): warning C4305: 'argumento': truncamiento de 'double' a 'float'
D:\Maestro\POO\Recursos\Proyectos\ENGINES\OGL_TEMPLATE\OGL_ENGINE\OGL_ENGINE\main.cpp(274,55): warning C4305: 'argumento': truncamiento de 'double' a 'float'
D:\Maestro\POO\Recursos\Proyectos\ENGINES\OGL_TEMPLATE\OGL_ENGINE\OGL_ENGINE\main.cpp(281,51): warning C4305: 'argumento': truncamiento de 'double' a 'float'
D:\Maestro\POO\Recursos\Proyectos\ENGINES\OGL_TEMPLATE\OGL_ENGINE\OGL_ENGINE\main.cpp(282,55): warning C4305: 'argumento': truncamiento de 'double' a 'float'
D:\Maestro\POO\Recursos\Proyectos\ENGINES\OGL_TEMPLATE\OGL_ENGINE\OGL_ENGINE\main.cpp(289,51): warning C4305: 'argumento': truncamiento de 'double' a 'float'
D:\Maestro\POO\Recursos\Proyectos\ENGINES\OGL_TEMPLATE\OGL_ENGINE\OGL_ENGINE\main.cpp(290,55): warning C4305: 'argumento': truncamiento de 'double' a 'float'
D:\Maestro\POO\Recursos\Proyectos\ENGINES\OGL_TEMPLATE\OGL_ENGINE\OGL_ENGINE\main.cpp(297,51): warning C4305: 'argumento': truncamiento de 'double' a 'float'
D:\Maestro\POO\Recursos\Proyectos\ENGINES\OGL_TEMPLATE\OGL_ENGINE\OGL_ENGINE\main.cpp(298,55): warning C4305: 'argumento': truncamiento de 'double' a 'float'
D:\Maestro\POO\Recursos\Proyectos\ENGINES\OGL_TEMPLATE\OGL_ENGINE\OGL_ENGINE\main.cpp(306,50): warning C4305: 'argumento': truncamiento de 'double' a 'float'
D:\Maestro\POO\Recursos\Proyectos\ENGINES\OGL_TEMPLATE\OGL_ENGINE\OGL_ENGINE\main.cpp(307,54): warning C4305: 'argumento': truncamiento de 'double' a 'float'
D:\Maestro\POO\Recursos\Proyectos\ENGINES\OGL_TEMPLATE\OGL_ENGINE\OGL_ENGINE\main.cpp(318,50): warning C4305: 'argumento': truncamiento de 'double' a 'float'
D:\Maestro\POO\Recursos\Proyectos\ENGINES\OGL_TEMPLATE\OGL_ENGINE\OGL_ENGINE\main.cpp(319,54): warning C4305: 'argumento': truncamiento de 'double' a 'float'
D:\Maestro\POO\Recursos\Proyectos\ENGINES\OGL_TEMPLATE\OGL_ENGINE\OGL_ENGINE\main.cpp(329,50): warning C4305: 'argumento': truncamiento de 'double' a 'float'
D:\Maestro\POO\Recursos\Proyectos\ENGINES\OGL_TEMPLATE\OGL_ENGINE\OGL_ENGINE\main.cpp(330,54): warning C4305: 'argumento': truncamiento de 'double' a 'float'
D:\Maestro\POO\Recursos\Proyectos\ENGINES\OGL_TEMPLATE\OGL_ENGINE\OGL_ENGINE\main.cpp(340,50): warning C4305: 'argumento': truncamiento de 'double' a 'float'
D:\Maestro\POO\Recursos\Proyectos\ENGINES\OGL_TEMPLATE\OGL_ENGINE\OGL_ENGINE\main.cpp(341,54): warning C4305: 'argumento': truncamiento de 'double' a 'float'
  rbCollision.cpp
D:\Maestro\POO\Recursos\Proyectos\ENGINES\OGL_TEMPLATE\OGL_ENGINE\OGL_ENGINE\rbCollision.cpp(632,20): warning C4244: 'inicializando': conversión de '__int64' a 'int'; posible pérdida de datos
  rbEnvironment.cpp
  rbRigidBody.cpp
  rbSolver.cpp
  stb_image.cpp
  Generando código...
